<?xml version="1.0" encoding="UTF-8"?>
<testsuite name="SmokeTestRun" time="150.451" tests="7" errors="1" skipped="4" failures="0">
  <properties>
[...]
</properties>
  <testcase name="I as a customer WTBAT have an opportunity to ask for a reference." classname="Ask for a reference" time="23.358"/>
  <testcase name="I as a customer WTBAT see more events than presented on the main page" classname="More event on the main page" time="15.533"/>
  <testcase name="EMPTY_NAME" classname="I as a user I  WTBAT have an opportunity to see more references." time="0">
    <skipped/>
    <system-err><![CDATA[40595 [main] INFO net.thucydides.core.steps.ConsoleLoggingListener - 
 _____ _____ ____ _____   ____ _____  _    ____ _____ _____ ____  
|_   _| ____/ ___|_   _| / ___|_   _|/ \  |  _ \_   _| ____|  _ \ 
  | | |  _| \___ \ | |   \___ \ | | / _ \ | |_) || | |  _| | | | |
  | | | |___ ___) || |    ___) || |/ ___ \|  _ < | | | |___| |_| |
  |_| |_____|____/ |_|   |____/ |_/_/   \_\_| \_\|_| |_____|____/ 
                                                                  

TEST STARTED: 
-------------------------------------------------------------------(i-as-a-user-i--wtbat-have-an-opportunity-to-see-more-references.;)
40595 [main] INFO net.thucydides.core.steps.ConsoleLoggingListener - STARTING STEP Given I access  https://www.hys-enterprise.com/
40610 [main] INFO net.thucydides.core.steps.ConsoleLoggingListener - &amp#27;[96mTEST PENDING&amp#27;[0m
40610 [main] INFO net.thucydides.core.steps.ConsoleLoggingListener - &amp#27;[96mPENDING STEP&amp#27;[0m
40610 [main] INFO net.thucydides.core.steps.ConsoleLoggingListener - STARTING STEP And I Scroll down to see ‘See more references’ button.
40610 [main] INFO net.thucydides.core.steps.ConsoleLoggingListener - &amp#27;[33mIGNORING STEP&amp#27;[0m
40610 [main] INFO net.thucydides.core.steps.ConsoleLoggingListener - STARTING STEP When I click on ‘See more references’ button.
40610 [main] INFO net.thucydides.core.steps.ConsoleLoggingListener - &amp#27;[33mIGNORING STEP&amp#27;[0m
40610 [main] INFO net.thucydides.core.steps.ConsoleLoggingListener - STARTING STEP Then references page is opened (https://www.hys-enterprise.com/references/)
40626 [main] INFO net.thucydides.core.steps.ConsoleLoggingListener - &amp#27;[33mIGNORING STEP&amp#27;[0m
40626 [main] INFO net.thucydides.core.steps.ConsoleLoggingListener - &amp#27;[96m
          __  _____ _____ ____ _____   ____  _____ _   _ ____ ___ _   _  ____ 
 _       / / |_   _| ____/ ___|_   _| |  _ \| ____| \ | |  _ \_ _| \ | |/ ___|
(_)____ / /    | | |  _| \___ \ | |   | |_) |  _| |  \| | | | | ||  \| | |  _ 
 |_____/ /     | | | |___ ___) || |   |  __/| |___| |\  | |_| | || |\  | |_| |
(_)   /_/      |_| |_____|____/ |_|   |_|   |_____|_| \_|____/___|_| \_|\____|
                                                                                

TEST PENDING: 
---------------------------------------------------------------------------------&amp#27;[0m
]]></system-err>
  </testcase>
  <testcase name="EMPTY_NAME" classname="I as a user I  WTBAT have an opportunity to see more references." time="0">
    <skipped/>
  </testcase>
  <testcase name="EMPTY_NAME" classname="I as a user I  WTBAT have an opportunity to see more references." time="0">
    <skipped/>
  </testcase>
  <testcase name="EMPTY_NAME" classname="I as a user I  WTBAT have an opportunity to see more references." time="0">
    <skipped/>
  </testcase>
  <testcase name="I as a job seeker WTBAT send my CV and apply for  job" classname="Send CV" time="111.56">
    <error message="Timed out after 80 seconds. Element not found&#10;For documentation on this error, please visit: https://www.seleniumhq.org/exceptions/no_such_element.html&#10;Build info: version: &apos;3.141.59&apos;, revision: &apos;e82be7d358&apos;, time: &apos;2018-11-14T08:17:03&apos;&#10;System info: host: &apos;LAPTOP-100108&apos;, ip: &apos;169.254.231.64&apos;, os.name: &apos;Windows 10&apos;, os.arch: &apos;amd64&apos;, os.version: &apos;10.0&apos;, java.version: &apos;1.8.0_181&apos;&#10;Driver info: driver.version: unknown" type="org.openqa.selenium.NoSuchElementException"><![CDATA[org.openqa.selenium.NoSuchElementException: Timed out after 80 seconds. Element not found
For documentation on this error, please visit: https://www.seleniumhq.org/exceptions/no_such_element.html
Build info: version: '3.141.59', revision: 'e82be7d358', time: '2018-11-14T08:17:03'
System info: host: 'LAPTOP-100108', ip: '169.254.231.64', os.name: 'Windows 10', os.arch: 'amd64', os.version: '10.0', java.version: '1.8.0_181'
Driver info: driver.version: unknown
	at net.thucydides.core.annotations.locators.SmartAjaxElementLocator.ajaxFindElement(SmartAjaxElementLocator.java:166)
	at net.thucydides.core.annotations.locators.SmartAjaxElementLocator.findElement(SmartAjaxElementLocator.java:118)
	at org.openqa.selenium.support.pagefactory.internal.LocatingElementHandler.invoke(LocatingElementHandler.java:38)
	at com.sun.proxy.$Proxy26.isDisplayed(Unknown Source)
	at steps.VacanciesPageSteps.isSuccessMessageDisplayed(VacanciesPageSteps.java:50)
	at steps.VacanciesPageSteps$$EnhancerByCGLIB$$f37143a6.CGLIB$isSuccessMessageDisplayed$6(<generated>)
	at steps.VacanciesPageSteps$$EnhancerByCGLIB$$f37143a6$$FastClassByCGLIB$$42e4339b.invoke(<generated>)
	at net.sf.cglib.proxy.MethodProxy.invokeSuper(MethodProxy.java:228)
	at net.thucydides.core.steps.StepInterceptor.invokeMethod(StepInterceptor.java:461)
	at net.thucydides.core.steps.StepInterceptor.executeTestStepMethod(StepInterceptor.java:446)
	at net.thucydides.core.steps.StepInterceptor.runTestStep(StepInterceptor.java:421)
	at net.thucydides.core.steps.StepInterceptor.runOrSkipMethod(StepInterceptor.java:176)
	at net.thucydides.core.steps.StepInterceptor.testStepResult(StepInterceptor.java:163)
	at net.thucydides.core.steps.StepInterceptor.intercept(StepInterceptor.java:69)
	at steps.VacanciesPageSteps$$EnhancerByCGLIB$$f37143a6.isSuccessMessageDisplayed(<generated>)
	at stepdefinitions.CareerStepDef.messageIsDisplsyed(CareerStepDef.java:53)
	at âœ½.message "We will contact you soon" is displsyed(src/test/resources/features/smoke/Smoke_send_CV.feature:11)
]]></error>
    <system-err><![CDATA[40641 [main] INFO net.thucydides.core.steps.ConsoleLoggingListener - 
 _____ _____ ____ _____   ____ _____  _    ____ _____ _____ ____  
|_   _| ____/ ___|_   _| / ___|_   _|/ \  |  _ \_   _| ____|  _ \ 
  | | |  _| \___ \ | |   \___ \ | | / _ \ | |_) || | |  _| | | | |
  | | | |___ ___) || |    ___) || |/ ___ \|  _ < | | | |___| |_| |
  |_| |_____|____/ |_|   |____/ |_/_/   \_\_| \_\|_| |_____|____/ 
                                                                  

TEST STARTED: I as a job seeker WTBAT send my CV and apply for  job
-------------------------------------------------------------------(send-cv;i-as-a-job-seeker-wtbat-send-my-cv-and-apply-for--job)
40657 [main] INFO net.thucydides.core.steps.ConsoleLoggingListener - STARTING STEP Given I go "https://www.hys-enterprise.com/career/"
40704 [main] INFO net.thucydides.core.steps.ConsoleLoggingListener - STARTING STEP Open career page
May 10, 2020 8:42:35 AM org.openqa.selenium.remote.DesiredCapabilities chrome
INFO: Using `new ChromeOptions()` is preferred to `DesiredCapabilities.chrome()`
41032 [main] INFO net.serenitybdd.core.webdriver.driverproviders.ProvideNewDriver - Instantiating driver
41032 [main] INFO net.serenitybdd.core.webdriver.driverproviders.ProvideNewDriver - Driver capabilities: Capabilities {acceptInsecureCerts: false, browserName: chrome, goog:chromeOptions: {args: [--enable-automation, --test-type], extensions: []}, loggingPrefs: org.openqa.selenium.logging..., platform: ANY, version: }
Starting ChromeDriver 81.0.4044.69 (6813546031a4bc83f717a2ef7cd4ac6ec1199132-refs/branch-heads/4044@{#776}) on port 36538
Only local connections are allowed.
Please protect ports used by ChromeDriver and related test frameworks to prevent access by malicious code.
May 10, 2020 8:42:39 AM org.openqa.selenium.remote.ProtocolHandshake createSession
INFO: Detected dialect: W3C
[1589089363.404][SEVERE]: Timed out receiving message from renderer: 0.100
[1589089363.507][SEVERE]: Timed out receiving message from renderer: 0.100
[1589089363.613][SEVERE]: Timed out receiving message from renderer: 0.100
[1589089363.714][SEVERE]: Timed out receiving message from renderer: 0.100
[1589089363.816][SEVERE]: Timed out receiving message from renderer: 0.100
[1589089363.920][SEVERE]: Timed out receiving message from renderer: 0.100
[1589089364.049][SEVERE]: Timed out receiving message from renderer: 0.100
[1589089364.153][SEVERE]: Timed out receiving message from renderer: 0.100
[1589089364.270][SEVERE]: Timed out receiving message from renderer: 0.100
[1589089364.595][SEVERE]: Timed out receiving message from renderer: 0.100
[1589089364.788][SEVERE]: Timed out receiving message from renderer: 0.100
[1589089364.902][SEVERE]: Timed out receiving message from renderer: 0.100
51105 [main] INFO net.thucydides.core.steps.ConsoleLoggingListener - FINISHING STEP
51105 [main] INFO net.thucydides.core.steps.ConsoleLoggingListener - FINISHING STEP
51105 [main] INFO net.thucydides.core.steps.ConsoleLoggingListener - STARTING STEP When I click on ‘Join Us’ button
51105 [main] INFO net.thucydides.core.steps.ConsoleLoggingListener - STARTING STEP Click on join us button
[1589089367.415][SEVERE]: Timed out receiving message from renderer: 0.100
[1589089367.521][SEVERE]: Timed out receiving message from renderer: 0.100
[1589089367.624][SEVERE]: Timed out receiving message from renderer: 0.100
[1589089367.726][SEVERE]: Timed out receiving message from renderer: 0.100
[1589089367.827][SEVERE]: Timed out receiving message from renderer: 0.100
[1589089367.936][SEVERE]: Timed out receiving message from renderer: 0.100
[1589089368.044][SEVERE]: Timed out receiving message from renderer: 0.100
[1589089368.151][SEVERE]: Timed out receiving message from renderer: 0.100
[1589089368.253][SEVERE]: Timed out receiving message from renderer: 0.100
[1589089368.356][SEVERE]: Timed out receiving message from renderer: 0.100
[1589089368.457][SEVERE]: Timed out receiving message from renderer: 0.100
[1589089368.559][SEVERE]: Timed out receiving message from renderer: 0.100
[1589089368.661][SEVERE]: Timed out receiving message from renderer: 0.100
[1589089368.762][SEVERE]: Timed out receiving message from renderer: 0.100
[1589089368.864][SEVERE]: Timed out receiving message from renderer: 0.100
[1589089368.969][SEVERE]: Timed out receiving message from renderer: 0.100
[1589089369.074][SEVERE]: Timed out receiving message from renderer: 0.100
[1589089369.176][SEVERE]: Timed out receiving message from renderer: 0.100
[1589089369.278][SEVERE]: Timed out receiving message from renderer: 0.100
[1589089369.379][SEVERE]: Timed out receiving message from renderer: 0.100
[1589089369.482][SEVERE]: Timed out receiving message from renderer: 0.100
[1589089369.589][SEVERE]: Timed out receiving message from renderer: 0.100
[1589089369.724][SEVERE]: Timed out receiving message from renderer: 0.100
[1589089369.825][SEVERE]: Timed out receiving message from renderer: 0.100
[1589089369.927][SEVERE]: Timed out receiving message from renderer: 0.100
[1589089370.028][SEVERE]: Timed out receiving message from renderer: 0.100
[1589089370.129][SEVERE]: Timed out receiving message from renderer: 0.100
55889 [main] INFO net.thucydides.core.steps.ConsoleLoggingListener - FINISHING STEP
55889 [main] INFO net.thucydides.core.steps.ConsoleLoggingListener - FINISHING STEP
55889 [main] INFO net.thucydides.core.steps.ConsoleLoggingListener - STARTING STEP Then career page "https://www.hys-enterprise.com/career/vacancies/" is opened
55889 [main] INFO net.thucydides.core.steps.ConsoleLoggingListener - STARTING STEP Is page opened
55905 [main] INFO net.thucydides.core.steps.ConsoleLoggingListener - FINISHING STEP
55905 [main] INFO net.thucydides.core.steps.ConsoleLoggingListener - FINISHING STEP
55905 [main] INFO net.thucydides.core.steps.ConsoleLoggingListener - STARTING STEP And I click on any available vacancy in the list
55905 [main] INFO net.thucydides.core.steps.ConsoleLoggingListener - STARTING STEP Click on first vacancy in list
[1589089371.697][SEVERE]: Timed out receiving message from renderer: 0.100
[1589089371.969][SEVERE]: Timed out receiving message from renderer: 0.100
[1589089372.074][SEVERE]: Timed out receiving message from renderer: 0.100
58017 [main] INFO net.thucydides.core.steps.ConsoleLoggingListener - FINISHING STEP
58033 [main] INFO net.thucydides.core.steps.ConsoleLoggingListener - FINISHING STEP
58049 [main] INFO net.thucydides.core.steps.ConsoleLoggingListener - STARTING STEP And I fill CV form with valid data
58049 [main] INFO net.thucydides.core.steps.ConsoleLoggingListener - STARTING STEP Enter email: test@test.com
58674 [main] INFO net.thucydides.core.steps.ConsoleLoggingListener - FINISHING STEP
58677 [main] INFO net.thucydides.core.steps.ConsoleLoggingListener - STARTING STEP Enter name: Vladimir
59223 [main] INFO net.thucydides.core.steps.ConsoleLoggingListener - FINISHING STEP
59239 [main] INFO net.thucydides.core.steps.ConsoleLoggingListener - STARTING STEP Enter phone: 0971413967
59805 [main] INFO net.thucydides.core.steps.ConsoleLoggingListener - FINISHING STEP
59805 [main] INFO net.thucydides.core.steps.ConsoleLoggingListener - STARTING STEP Click on privacy policy checkbox
60411 [main] INFO net.thucydides.core.steps.ConsoleLoggingListener - FINISHING STEP
60415 [main] INFO net.thucydides.core.steps.ConsoleLoggingListener - FINISHING STEP
60417 [main] INFO net.thucydides.core.steps.ConsoleLoggingListener - STARTING STEP And I click on Drag&Drop button an attach CV file
60420 [main] INFO net.thucydides.core.steps.ConsoleLoggingListener - FINISHING STEP
60422 [main] INFO net.thucydides.core.steps.ConsoleLoggingListener - STARTING STEP When I click on Send button
60426 [main] INFO net.thucydides.core.steps.ConsoleLoggingListener - STARTING STEP Click on submit button
60974 [main] INFO net.thucydides.core.steps.ConsoleLoggingListener - FINISHING STEP
60974 [main] INFO net.thucydides.core.steps.ConsoleLoggingListener - FINISHING STEP
60974 [main] INFO net.thucydides.core.steps.ConsoleLoggingListener - STARTING STEP Then message "We will contact you soon" is displsyed
60990 [main] INFO net.thucydides.core.steps.ConsoleLoggingListener - STARTING STEP Is success message displayed
151310 [main] INFO net.thucydides.core.steps.ConsoleLoggingListener - &amp#27;[91mSTEP ERROR: org.openqa.selenium.NoSuchElementException: Timed out after 80 seconds. Element not found
For documentation on this error, please visit: https://www.seleniumhq.org/exceptions/no_such_element.html
Build info: version: '3.141.59', revision: 'e82be7d358', time: '2018-11-14T08:17:03'
System info: host: 'LAPTOP-100108', ip: '169.254.231.64', os.name: 'Windows 10', os.arch: 'amd64', os.version: '10.0', java.version: '1.8.0_181'
Driver info: driver.version: unknown&amp#27;[0m
151326 [main] INFO net.thucydides.core.steps.ConsoleLoggingListener - &amp#27;[91mSTEP ERROR: org.openqa.selenium.NoSuchElementException: Timed out after 80 seconds. Element not found
For documentation on this error, please visit: https://www.seleniumhq.org/exceptions/no_such_element.html
Build info: version: '3.141.59', revision: 'e82be7d358', time: '2018-11-14T08:17:03'
System info: host: 'LAPTOP-100108', ip: '169.254.231.64', os.name: 'Windows 10', os.arch: 'amd64', os.version: '10.0', java.version: '1.8.0_181'
Driver info: driver.version: unknown
For documentation on this error, please visit: https://www.seleniumhq.org/exceptions/no_such_element.html
Build info: version: '3.141.59', revision: 'e82be7d358', time: '2018-11-14T08:17:03'
System info: host: 'LAPTOP-100108', ip: '169.254.231.64', os.name: 'Windows 10', os.arch: 'amd64', os.version: '10.0', java.version: '1.8.0_181'
Driver info: driver.version: unknown&amp#27;[0m
152045 [main] ERROR net.thucydides.core.steps.ConsoleLoggingListener - &amp#27;[91m
           __  _____ _____ ____ _____   _____ _    ___ _     _____ ____  
  _       / / |_   _| ____/ ___|_   _| |  ___/ \  |_ _| |   | ____|  _ \ 
 (_)_____| |    | | |  _| \___ \ | |   | |_ / _ \  | || |   |  _| | | | |
  _|_____| |    | | | |___ ___) || |   |  _/ ___ \ | || |___| |___| |_| |
 (_)     | |    |_| |_____|____/ |_|   |_|/_/   \_\___|_____|_____|____/ 
          \_\                                                            

TEST FAILED WITH ERROR: I as a job seeker WTBAT send my CV and apply for  job
---------------------------------------------------------------------&amp#27;[0m
152217 [main] ERROR net.thucydides.core.steps.ConsoleLoggingListener - &amp#27;[91mTEST FAILED AT STEP Is success message displayed&amp#27;[0m
152217 [main] ERROR net.thucydides.core.steps.ConsoleLoggingListener - Timed out after 80 seconds. Element not found
]]></system-err>
  </testcase>
</testsuite>